[2020-12-09T14:15:09.388] [ERROR] cheese - {
  note: '',
  time: 1607494509384,
  msg: 'timeout of 5000ms exceeded',
  host: 'localhost:3000',
  title: '编辑团队 - 绿谷后台管理',
  curUrl: 'http://localhost:9528/#/team/edit/35',
  userAgent: 'Mozilla/5.0 (Macintosh; Intel Mac OS X 11_0_1) AppleWebKit/537.36 (KHTML, like Gecko) Chrome/87.0.4280.88 Safari/537.36',
  origin: 'http://localhost:9528',
  referer: 'http://localhost:9528/',
  data: { resourceUrl: 'http://localhost:9528/app.js', line: 3803, col: 15 }
}
[2020-12-09T14:17:06.961] [ERROR] cheese - {
  note: '',
  time: 1607494626956,
  msg: 'timeout of 5000ms exceeded',
  host: 'localhost:3000',
  title: '编辑团队 - 绿谷后台管理',
  curUrl: 'http://localhost:9528/#/team/edit/35',
  userAgent: 'Mozilla/5.0 (Macintosh; Intel Mac OS X 11_0_1) AppleWebKit/537.36 (KHTML, like Gecko) Chrome/87.0.4280.88 Safari/537.36',
  origin: 'http://localhost:9528',
  referer: 'http://localhost:9528/',
  data: { resourceUrl: 'http://localhost:9528/app.js', line: 3803, col: 15 }
}
[2020-12-09T14:28:50.087] [ERROR] cheese - {
  note: '',
  time: 1607495330086,
  msg: 'ResizeObserver loop limit exceeded',
  host: 'localhost:3000',
  title: '专家团队管理 - 绿谷后台管理',
  curUrl: 'http://localhost:9528/#/team/index',
  userAgent: 'Mozilla/5.0 (Macintosh; Intel Mac OS X 11_0_1) AppleWebKit/537.36 (KHTML, like Gecko) Chrome/87.0.4280.88 Safari/537.36',
  origin: 'http://localhost:9528',
  referer: 'http://localhost:9528/',
  data: {
    resourceUrl: 'http://localhost:9528/#/team/index',
    line: 1,
    col: 1
  }
}
[2020-12-09T14:28:50.110] [ERROR] cheese - {
  note: '',
  time: 1607495330109,
  msg: 'ResizeObserver loop limit exceeded',
  host: 'localhost:3000',
  title: '专家团队管理 - 绿谷后台管理',
  curUrl: 'http://localhost:9528/#/team/index',
  userAgent: 'Mozilla/5.0 (Macintosh; Intel Mac OS X 11_0_1) AppleWebKit/537.36 (KHTML, like Gecko) Chrome/87.0.4280.88 Safari/537.36',
  origin: 'http://localhost:9528',
  referer: 'http://localhost:9528/',
  data: {
    resourceUrl: 'http://localhost:9528/#/team/index',
    line: 1,
    col: 1
  }
}
[2020-12-09T14:28:50.148] [ERROR] cheese - {
  note: '',
  time: 1607495330147,
  msg: 'ResizeObserver loop limit exceeded',
  host: 'localhost:3000',
  title: '专家团队管理 - 绿谷后台管理',
  curUrl: 'http://localhost:9528/#/team/index',
  userAgent: 'Mozilla/5.0 (Macintosh; Intel Mac OS X 11_0_1) AppleWebKit/537.36 (KHTML, like Gecko) Chrome/87.0.4280.88 Safari/537.36',
  origin: 'http://localhost:9528',
  referer: 'http://localhost:9528/',
  data: {
    resourceUrl: 'http://localhost:9528/#/team/index',
    line: 1,
    col: 1
  }
}
[2020-12-09T14:28:53.178] [ERROR] cheese - {
  note: '',
  time: 1607495333174,
  msg: 'timeout of 5000ms exceeded',
  host: 'localhost:3000',
  title: '专家团队管理 - 绿谷后台管理',
  curUrl: 'http://localhost:9528/#/team/index',
  userAgent: 'Mozilla/5.0 (Macintosh; Intel Mac OS X 11_0_1) AppleWebKit/537.36 (KHTML, like Gecko) Chrome/87.0.4280.88 Safari/537.36',
  origin: 'http://localhost:9528',
  referer: 'http://localhost:9528/',
  data: { resourceUrl: 'http://localhost:9528/app.js', line: 3803, col: 15 }
}
